#
# A fatal error has been detected by the Java Runtime Environment:
#
#  EXCEPTION_ACCESS_VIOLATION (0xc0000005) at pc=0x00007ffc885f6ab7, pid=11348, tid=9188
#
# JRE version: Java(TM) SE Runtime Environment (17.0.6+9) (build 17.0.6+9-LTS-190)
# Java VM: Java HotSpot(TM) 64-Bit Server VM (17.0.6+9-LTS-190, mixed mode, sharing, tiered, compressed oops, compressed class ptrs, g1 gc, windows-amd64)
# Problematic frame:
# C  [glass.dll+0x26ab7]
#
# No core dump will be written. Minidumps are not enabled by default on client versions of Windows
#
# If you would like to submit a bug report, please visit:
#   https://bugreport.java.com/bugreport/crash.jsp
#

---------------  S U M M A R Y ------------

Command Line: -javaagent:C:\Program Files\JetBrains\IntelliJ IDEA Community Edition 2022.3.2\lib\idea_rt.jar=55917:C:\Program Files\JetBrains\IntelliJ IDEA Community Edition 2022.3.2\bin -Dfile.encoding=UTF-8 --module-path=C:\Users\aapro\.m2\repository\org\openjfx\javafx-fxml\17.0.2\javafx-fxml-17.0.2-win.jar;C:\Users\aapro\.m2\repository\org\openjfx\javafx-graphics\17.0.2\javafx-graphics-17.0.2-win.jar;C:\Users\aapro\.m2\repository\org\openjfx\javafx-controls\17.0.2\javafx-controls-17.0.2-win.jar;C:\Users\aapro\.m2\repository\org\openjfx\javafx-base\17.0.2\javafx-base-17.0.2-win.jar;C:\Users\aapro\IdeaProjects\demo23\target\classes -Djdk.module.main=com.example.demo23 com.example.demo23/com.example.demo23.HelloApplication

Host: AMD Ryzen 5 4500U with Radeon Graphics         , 6 cores, 7G,  Windows 10 , 64 bit Build 19041 (10.0.19041.3570)
Time: Fri Oct 20 14:31:37 2023 RTZ 2 (s 10 , 64 bit Build 19041 (10.0.19041.3570) elapsed time: 362.520113 seconds (0d 0h 6m 2s)

---------------  T H R E A D  ---------------

Current thread (0x000001b97f830bc0):  VMThread "VM Thread" [stack: 0x0000009a34000000,0x0000009a34100000] [id=9188]

Stack: [0x0000009a34000000,0x0000009a34100000],  sp=0x0000009a340ff330,  free space=1020k
Native frames: (J=compiled Java code, j=interpreted, Vv=VM code, C=native code)
C  [glass.dll+0x26ab7]


siginfo: EXCEPTION_ACCESS_VIOLATION (0xc0000005), reading address 0x0000000000000000


Register to memory mapping:

RIP=0x00007ffc885f6ab7 glass.dll
RAX=0x0 is NULL
RBX=0x000001b97f844c28 is a global jni handle
RCX=0x000001b97f830bc0 points into unknown readable memory: 0x00007ffc6d82f680 | 80 f6 82 6d fc 7f 00 00
RDX=0x0000009a340ff330 points into unknown readable memory: 0x0000000000000000 | 00 00 00 00 00 00 00 00
RSP=0x0000009a340ff330 points into unknown readable memory: 0x0000000000000000 | 00 00 00 00 00 00 00 00
RBP=0x000001b902a03c08 points into unknown readable memory: 0x000046c430ed9dcb | cb 9d ed 30 c4 46 00 00
RSI=0x000001b902a03be0 points into unknown readable memory: 0x03ffa286c9197dcb | cb 7d 19 c9 86 a2 ff 03
RDI=0x000046c430ed9dcb is an unknown value
R8 =0x0000000000010002 is an unknown value
R9 =0x000046c430ed9dcb is an unknown value
R10=0x0000000000008000 is an unknown value
R11=0x0000009a340ff2c0 points into unknown readable memory: 0x000001b902a03be0 | e0 3b a0 02 b9 01 00 00
R12=0x00007ffc885f4384 glass.dll
R13=0x00007ffc6d9e9c10 jvm.dll
R14=0x0000009a340ff428 points into unknown readable memory: 0x0000009a340ff410 | 10 f4 0f 34 9a 00 00 00
R15=0x000001b902a03be0 points into unknown readable memory: 0x03ffa286c9197dcb | cb 7d 19 c9 86 a2 ff 03


Registers:
RAX=0x0000000000000000, RBX=0x000001b97f844c28, RCX=0x000001b97f830bc0, RDX=0x0000009a340ff330
RSP=0x0000009a340ff330, RBP=0x000001b902a03c08, RSI=0x000001b902a03be0, RDI=0x000046c430ed9dcb
R8 =0x0000000000010002, R9 =0x000046c430ed9dcb, R10=0x0000000000008000, R11=0x0000009a340ff2c0
R12=0x00007ffc885f4384, R13=0x00007ffc6d9e9c10, R14=0x0000009a340ff428, R15=0x000001b902a03be0
RIP=0x00007ffc885f6ab7, EFLAGS=0x0000000000010206

Top of Stack: (sp=0x0000009a340ff330)
0x0000009a340ff330:   0000000000000000 000001b902a03be0
0x0000009a340ff340:   00007ffc6d9e9c10 00007ffc885f4384
0x0000009a340ff350:   000001b902a03be8 00007ffca74942d6
0x0000009a340ff360:   000046c430ed9dcb 000001b900000000
0x0000009a340ff370:   000001b902a03c08 000001b902a03be0
0x0000009a340ff380:   fffffffffffffffe 0000000000000000
0x0000009a340ff390:   0000000000000001 00007ffc885d0000
0x0000009a340ff3a0:   0000009a340ff418 00007ffca74941fb
0x0000009a340ff3b0:   0000000000000000 0000009a340ff428
0x0000009a340ff3c0:   0000009a340ff700 00007ffca7570e40
0x0000009a340ff3d0:   0000000000000001 00007ffca74941b4
0x0000009a340ff3e0:   0000000000000000 0000000000000001
0x0000009a340ff3f0:   0000000000000000 0000009a340ff418
0x0000009a340ff400:   0000000000000001 00007ffc885f4211
0x0000009a340ff410:   00007ffc8860a138 00007ffc00000002
0x0000009a340ff420:   0000000000000002 0000009a340ff410 

Instructions: (pc=0x00007ffc885f6ab7)
0x00007ffc885f69b7:   8b 4d 58 e8 01 cf ff ff 48 8b 4d 60 e8 f8 ce ff
0x00007ffc885f69c7:   ff 48 8b 95 80 00 00 00 48 8b 8d 18 01 00 00 e8
0x00007ffc885f69d7:   c6 c3 ff ff 33 d2 33 c9 e8 3c e1 ff ff 90 48 89
0x00007ffc885f69e7:   54 24 10 55 48 83 ec 20 48 8b ea 48 b8 00 00 00
0x00007ffc885f69f7:   00 00 00 00 00 48 83 c4 20 5d c3 cc 40 55 48 8b
0x00007ffc885f6a07:   ea 48 8b 01 33 c9 81 38 05 00 00 c0 0f 94 c1 8b
0x00007ffc885f6a17:   c1 5d c3 cc 40 55 48 83 ec 20 48 8b ea 8a 4d 40
0x00007ffc885f6a27:   48 83 c4 20 5d e9 f7 d2 ff ff cc 40 55 48 83 ec
0x00007ffc885f6a37:   20 48 8b ea 8a 4d 20 e8 e5 d2 ff ff 90 48 83 c4
0x00007ffc885f6a47:   20 5d c3 cc 40 55 48 83 ec 20 48 8b ea 48 83 c4
0x00007ffc885f6a57:   20 5d e9 46 d1 ff ff cc 40 55 48 83 ec 30 48 8b
0x00007ffc885f6a67:   ea 48 8b 01 8b 10 48 89 4c 24 28 89 54 24 20 4c
0x00007ffc885f6a77:   8d 0d e7 d5 ff ff 4c 8b 45 70 8b 55 68 48 8b 4d
0x00007ffc885f6a87:   60 e8 87 d0 ff ff 90 48 83 c4 30 5d c3 cc cc cc
0x00007ffc885f6a97:   cc cc cc cc cc cc cc cc cc 40 53 48 83 ec 20 48
0x00007ffc885f6aa7:   8b 1d 83 30 01 00 48 85 db 74 16 e8 09 8b ff ff
0x00007ffc885f6ab7:   4c 8b 00 48 8b d3 48 8b c8 41 ff 90 b0 00 00 00
0x00007ffc885f6ac7:   90 48 83 c4 20 5b c3 cc cc 40 53 48 83 ec 20 48
0x00007ffc885f6ad7:   8b 1d fb 31 01 00 48 85 db 74 57 b8 ff ff ff ff
0x00007ffc885f6ae7:   f0 0f c1 43 10 83 f8 01 75 3d 48 85 db 74 38 48
0x00007ffc885f6af7:   8b 0b 48 85 c9 74 0d ff 15 a4 07 00 00 48 c7 03
0x00007ffc885f6b07:   00 00 00 00 48 8b 4b 08 48 85 c9 74 0d e8 a7 cd
0x00007ffc885f6b17:   ff ff 48 c7 43 08 00 00 00 00 ba 18 00 00 00 48
0x00007ffc885f6b27:   8b cb e8 92 cd ff ff 48 c7 05 9f 31 01 00 00 00
0x00007ffc885f6b37:   00 00 48 83 c4 20 5b c3 cc 40 53 48 83 ec 20 48
0x00007ffc885f6b47:   8b 1d 6b 31 01 00 48 85 db 74 57 b8 ff ff ff ff
0x00007ffc885f6b57:   f0 0f c1 43 10 83 f8 01 75 3d 48 85 db 74 38 48
0x00007ffc885f6b67:   8b 0b 48 85 c9 74 0d ff 15 34 07 00 00 48 c7 03
0x00007ffc885f6b77:   00 00 00 00 48 8b 4b 08 48 85 c9 74 0d e8 37 cd
0x00007ffc885f6b87:   ff ff 48 c7 43 08 00 00 00 00 ba 18 00 00 00 48
0x00007ffc885f6b97:   8b cb e8 22 cd ff ff 48 c7 05 0f 31 01 00 00 00
0x00007ffc885f6ba7:   00 00 48 83 c4 20 5b c3 cc 40 53 48 83 ec 20 48 


Stack slot to memory mapping:
stack at sp + 0 slots: 0x0 is NULL
stack at sp + 1 slots: 0x000001b902a03be0 points into unknown readable memory: 0x03ffa286c9197dcb | cb 7d 19 c9 86 a2 ff 03
stack at sp + 2 slots: 0x00007ffc6d9e9c10 jvm.dll
stack at sp + 3 slots: 0x00007ffc885f4384 glass.dll
stack at sp + 4 slots: 0x000001b902a03be8 points into unknown readable memory: 0x000046c430ed9dcb | cb 9d ed 30 c4 46 00 00
stack at sp + 5 slots: 0x00007ffca74942d6 ucrtbase.dll
stack at sp + 6 slots: 0x000046c430ed9dcb is an unknown value
stack at sp + 7 slots: 0x000001b900000000 points into unknown readable memory: 0x0000000000000000 | 00 00 00 00 00 00 00 00

VM_Operation (0x0000009a338ff160): Exit, mode: safepoint, requested by thread 0x000001b907aab080


---------------  P R O C E S S  ---------------

Threads class SMR info:
_java_thread_list=0x000001b902e67d80, length=22, elements={
0x000001b9640ae9b0, 0x000001b97f8386d0, 0x000001b97f839340, 0x000001b97f84d180,
0x000001b97f84eb40, 0x000001b97f84f4f0, 0x000001b97f84fea0, 0x000001b97f850f90,
0x000001b97f862620, 0x000001b97f87e800, 0x000001b97fa4f310, 0x000001b97fd0fdc0,
0x000001b97fd10290, 0x000001b902cbade0, 0x000001b902e2f210, 0x000001b902e415a0,
0x000001b902fd7b80, 0x000001b902fdca50, 0x000001b907aab550, 0x000001b907aa8530,
0x000001b907aa8ed0, 0x000001b907aab080
}

Java Threads: ( => current thread )
  0x000001b9640ae9b0 JavaThread "main" [_thread_blocked, id=19388, stack(0x0000009a33a00000,0x0000009a33b00000)]
  0x000001b97f8386d0 JavaThread "Reference Handler" daemon [_thread_blocked, id=3444, stack(0x0000009a34100000,0x0000009a34200000)]
  0x000001b97f839340 JavaThread "Finalizer" daemon [_thread_blocked, id=9952, stack(0x0000009a34200000,0x0000009a34300000)]
  0x000001b97f84d180 JavaThread "Signal Dispatcher" daemon [_thread_blocked, id=11832, stack(0x0000009a34300000,0x0000009a34400000)]
  0x000001b97f84eb40 JavaThread "Attach Listener" daemon [_thread_blocked, id=20028, stack(0x0000009a34400000,0x0000009a34500000)]
  0x000001b97f84f4f0 JavaThread "Service Thread" daemon [_thread_blocked, id=13564, stack(0x0000009a34500000,0x0000009a34600000)]
  0x000001b97f84fea0 JavaThread "Monitor Deflation Thread" daemon [_thread_blocked, id=424, stack(0x0000009a34600000,0x0000009a34700000)]
  0x000001b97f850f90 JavaThread "C2 CompilerThread0" daemon [_thread_blocked, id=14420, stack(0x0000009a34700000,0x0000009a34800000)]
  0x000001b97f862620 JavaThread "C1 CompilerThread0" daemon [_thread_blocked, id=936, stack(0x0000009a34800000,0x0000009a34900000)]
  0x000001b97f87e800 JavaThread "Sweeper thread" daemon [_thread_blocked, id=10124, stack(0x0000009a34900000,0x0000009a34a00000)]
  0x000001b97fa4f310 JavaThread "Common-Cleaner" daemon [_thread_blocked, id=15400, stack(0x0000009a34a00000,0x0000009a34b00000)]
  0x000001b97fd0fdc0 JavaThread "Monitor Ctrl-Break" daemon [_thread_in_native, id=9456, stack(0x0000009a34c00000,0x0000009a34d00000)]
  0x000001b97fd10290 JavaThread "Notification Thread" daemon [_thread_blocked, id=4116, stack(0x0000009a34d00000,0x0000009a34e00000)]
  0x000001b902cbade0 JavaThread "QuantumRenderer-0" daemon [_thread_blocked, id=11000, stack(0x0000009a34f00000,0x0000009a35000000)]
  0x000001b902e2f210 JavaThread "InvokeLaterDispatcher" daemon [_thread_blocked, id=11880, stack(0x0000009a35200000,0x0000009a35300000)]
  0x000001b902e415a0 JavaThread "JavaFX Application Thread" [_thread_in_native, id=20060, stack(0x0000009a35300000,0x0000009a35400000)]
  0x000001b902fd7b80 JavaThread "JavaFX-Launcher" [_thread_blocked, id=21000, stack(0x0000009a35d00000,0x0000009a35e00000)]
  0x000001b902fdca50 JavaThread "Thread-2" daemon [_thread_in_native, id=16796, stack(0x0000009a35c00000,0x0000009a35d00000)]
  0x000001b907aab550 JavaThread "Prism Font Disposer" daemon [_thread_blocked, id=18184, stack(0x0000009a36400000,0x0000009a36500000)]
  0x000001b907aa8530 JavaThread "Cleaner-0" daemon [_thread_blocked, id=7628, stack(0x0000009a36500000,0x0000009a36600000)]
  0x000001b907aa8ed0 JavaThread "mysql-cj-abandoned-connection-cleanup" daemon [_thread_blocked, id=1804, stack(0x0000009a36700000,0x0000009a36800000)]
  0x000001b907aab080 JavaThread "SIGINT handler" daemon [_thread_blocked, id=7296, stack(0x0000009a33800000,0x0000009a33900000)]

Other Threads:
=>0x000001b97f830bc0 VMThread "VM Thread" [stack: 0x0000009a34000000,0x0000009a34100000] [id=9188]
  0x000001b964105360 GCTaskThread "GC Thread#0" [stack: 0x0000009a33b00000,0x0000009a33c00000] [id=724]
  0x000001b97fd0d8b0 GCTaskThread "GC Thread#1" [stack: 0x0000009a35e00000,0x0000009a35f00000] [id=7184]
  0x000001b97fd0e620 GCTaskThread "GC Thread#2" [stack: 0x0000009a35f00000,0x0000009a36000000] [id=17316]
  0x000001b97fd0db60 GCTaskThread "GC Thread#3" [stack: 0x0000009a36000000,0x0000009a36100000] [id=2548]
  0x000001b97fd0d0a0 GCTaskThread "GC Thread#4" [stack: 0x0000009a36100000,0x0000009a36200000] [id=10752]
  0x000001b97fd0e8d0 GCTaskThread "GC Thread#5" [stack: 0x0000009a36200000,0x0000009a36300000] [id=22344]
  0x000001b964133390 ConcurrentGCThread "G1 Main Marker" terminated
  0x000001b964134540 ConcurrentGCThread "G1 Conc#0" [stack: 0x0000009a33d00000,0x0000009a33e00000] [id=13888]
  0x000001b97fd0d600 ConcurrentGCThread "G1 Conc#1" [stack: 0x0000009a36900000,0x0000009a36a00000] [id=1492]
  0x000001b96416d850 ConcurrentGCThread "G1 Refine#0" terminated
  0x000001b96416e270 ConcurrentGCThread "G1 Service" terminated

Threads with active compile tasks:

VM state: at safepoint (shutting down)

VM Mutex/Monitor currently owned by a thread:  ([mutex/lock_event])
[0x000001b9640a9d30] Threads_lock - owner thread: 0x000001b97f830bc0
[0x000001b9640aa2d0] Heap_lock - owner thread: 0x000001b907aab080

Heap address: 0x000000008a200000, size: 1886 MB, Compressed Oops mode: 32-bit

CDS archive(s) mapped at: [0x0000000800000000-0x0000000800bd0000-0x0000000800bd0000), size 12386304, SharedBaseAddress: 0x0000000800000000, ArchiveRelocationMode: 0.
Compressed class space mapped at: 0x0000000800c00000-0x0000000840c00000, reserved size: 1073741824
Narrow klass base: 0x0000000800000000, Narrow klass shift: 0, Narrow klass range: 0x100000000

GC Precious Log:
 CPUs: 6 total, 6 available
 Memory: 7541M
 Large Page Support: Disabled
 NUMA Support: Disabled
 Compressed Oops: Enabled (32-bit)
 Heap Region Size: 1M
 Heap Min Capacity: 8M
 Heap Initial Capacity: 118M
 Heap Max Capacity: 1886M
 Pre-touch: Disabled
 Parallel Workers: 6
 Concurrent Workers: 2
 Concurrent Refinement Workers: 6
 Periodic GC: Disabled

Heap:
 garbage-first heap   total 48128K, used 24133K [0x000000008a200000, 0x0000000100000000)
  region size 1024K, 20 young (20480K), 8 survivors (8192K)
 Metaspace       used 23140K, committed 23360K, reserved 1073152K
  class space    used 2988K, committed 3072K, reserved 1048576K

Heap Regions: E=young(eden), S=young(survivor), O=old, HS=humongous(starts), HC=humongous(continues), CS=collection set, F=free, OA=open archive, CA=closed archive, TAMS=top-at-mark-start (previous, next)
|   0|0x000000008a200000, 0x000000008a300000, 0x000000008a300000|100%| O|  |TAMS 0x000000008a300000, 0x000000008a200000| Untracked 
|   1|0x000000008a300000, 0x000000008a400000, 0x000000008a400000|100%| O|  |TAMS 0x000000008a400000, 0x000000008a300000| Untracked 
|   2|0x000000008a400000, 0x000000008a4a5600, 0x000000008a500000| 64%| O|  |TAMS 0x000000008a4a5600, 0x000000008a400000| Complete 
|   3|0x000000008a500000, 0x000000008a600000, 0x000000008a600000|100%|HS|  |TAMS 0x000000008a600000, 0x000000008a500000| Complete 
|   4|0x000000008a600000, 0x000000008a700000, 0x000000008a700000|100%|HC|  |TAMS 0x000000008a700000, 0x000000008a600000| Complete 
|   5|0x000000008a700000, 0x000000008a700000, 0x000000008a800000|  0%| F|  |TAMS 0x000000008a700000, 0x000000008a700000| Untracked 
|   6|0x000000008a800000, 0x000000008a800000, 0x000000008a900000|  0%| F|  |TAMS 0x000000008a800000, 0x000000008a800000| Untracked 
|   7|0x000000008a900000, 0x000000008a900000, 0x000000008aa00000|  0%| F|  |TAMS 0x000000008a900000, 0x000000008a900000| Untracked 
|   8|0x000000008aa00000, 0x000000008aa00000, 0x000000008ab00000|  0%| F|  |TAMS 0x000000008aa00000, 0x000000008aa00000| Untracked 
|   9|0x000000008ab00000, 0x000000008ab00000, 0x000000008ac00000|  0%| F|  |TAMS 0x000000008ab00000, 0x000000008ab00000| Untracked 
|  10|0x000000008ac00000, 0x000000008ac00000, 0x000000008ad00000|  0%| F|  |TAMS 0x000000008ac00000, 0x000000008ac00000| Untracked 
|  11|0x000000008ad00000, 0x000000008ad00000, 0x000000008ae00000|  0%| F|  |TAMS 0x000000008ad00000, 0x000000008ad00000| Untracked 
|  12|0x000000008ae00000, 0x000000008ae00000, 0x000000008af00000|  0%| F|  |TAMS 0x000000008ae00000, 0x000000008ae00000| Untracked 
|  13|0x000000008af00000, 0x000000008af00000, 0x000000008b000000|  0%| F|  |TAMS 0x000000008af00000, 0x000000008af00000| Untracked 
|  14|0x000000008b000000, 0x000000008b000000, 0x000000008b100000|  0%| F|  |TAMS 0x000000008b000000, 0x000000008b000000| Untracked 
|  15|0x000000008b100000, 0x000000008b100000, 0x000000008b200000|  0%| F|  |TAMS 0x000000008b100000, 0x000000008b100000| Untracked 
|  16|0x000000008b200000, 0x000000008b200000, 0x000000008b300000|  0%| F|  |TAMS 0x000000008b200000, 0x000000008b200000| Untracked 
|  17|0x000000008b300000, 0x000000008b300000, 0x000000008b400000|  0%| F|  |TAMS 0x000000008b300000, 0x000000008b300000| Untracked 
|  18|0x000000008b400000, 0x000000008b400000, 0x000000008b500000|  0%| F|  |TAMS 0x000000008b400000, 0x000000008b400000| Untracked 
|  19|0x000000008b500000, 0x000000008b500000, 0x000000008b600000|  0%| F|  |TAMS 0x000000008b500000, 0x000000008b500000| Untracked 
|  20|0x000000008b600000, 0x000000008b600000, 0x000000008b700000|  0%| F|  |TAMS 0x000000008b600000, 0x000000008b600000| Untracked 
|  21|0x000000008b700000, 0x000000008b700000, 0x000000008b800000|  0%| F|  |TAMS 0x000000008b700000, 0x000000008b700000| Untracked 
|  22|0x000000008b800000, 0x000000008b800000, 0x000000008b900000|  0%| F|  |TAMS 0x000000008b800000, 0x000000008b800000| Untracked 
|  23|0x000000008b900000, 0x000000008b900000, 0x000000008ba00000|  0%| F|  |TAMS 0x000000008b900000, 0x000000008b900000| Untracked 
|  24|0x000000008ba00000, 0x000000008ba00000, 0x000000008bb00000|  0%| F|  |TAMS 0x000000008ba00000, 0x000000008ba00000| Untracked 
|  25|0x000000008bb00000, 0x000000008bb00000, 0x000000008bc00000|  0%| F|  |TAMS 0x000000008bb00000, 0x000000008bb00000| Untracked 
|  26|0x000000008bc00000, 0x000000008bc00000, 0x000000008bd00000|  0%| F|  |TAMS 0x000000008bc00000, 0x000000008bc00000| Untracked 
|  27|0x000000008bd00000, 0x000000008bd33b90, 0x000000008be00000| 20%| E|  |TAMS 0x000000008bd00000, 0x000000008bd00000| Complete 
|  28|0x000000008be00000, 0x000000008bf00000, 0x000000008bf00000|100%| E|CS|TAMS 0x000000008be00000, 0x000000008be00000| Complete 
|  29|0x000000008bf00000, 0x000000008c000000, 0x000000008c000000|100%| E|CS|TAMS 0x000000008bf00000, 0x000000008bf00000| Complete 
|  30|0x000000008c000000, 0x000000008c100000, 0x000000008c100000|100%| E|CS|TAMS 0x000000008c000000, 0x000000008c000000| Complete 
|  31|0x000000008c100000, 0x000000008c200000, 0x000000008c200000|100%| E|CS|TAMS 0x000000008c100000, 0x000000008c100000| Complete 
|  32|0x000000008c200000, 0x000000008c300000, 0x000000008c300000|100%| E|CS|TAMS 0x000000008c200000, 0x000000008c200000| Complete 
|  33|0x000000008c300000, 0x000000008c400000, 0x000000008c400000|100%| E|CS|TAMS 0x000000008c300000, 0x000000008c300000| Complete 
|  34|0x000000008c400000, 0x000000008c500000, 0x000000008c500000|100%| E|CS|TAMS 0x000000008c400000, 0x000000008c400000| Complete 
|  35|0x000000008c500000, 0x000000008c600000, 0x000000008c600000|100%| E|CS|TAMS 0x000000008c500000, 0x000000008c500000| Complete 
|  36|0x000000008c600000, 0x000000008c700000, 0x000000008c700000|100%| E|CS|TAMS 0x000000008c600000, 0x000000008c600000| Complete 
|  37|0x000000008c700000, 0x000000008c800000, 0x000000008c800000|100%| E|CS|TAMS 0x000000008c700000, 0x000000008c700000| Complete 
|  88|0x000000008fa00000, 0x000000008faec058, 0x000000008fb00000| 92%| S|CS|TAMS 0x000000008fa00000, 0x000000008fa00000| Complete 
|  89|0x000000008fb00000, 0x000000008fc00000, 0x000000008fc00000|100%| S|CS|TAMS 0x000000008fb00000, 0x000000008fb00000| Complete 
|  90|0x000000008fc00000, 0x000000008fd00000, 0x000000008fd00000|100%| S|CS|TAMS 0x000000008fc00000, 0x000000008fc00000| Complete 
|  91|0x000000008fd00000, 0x000000008fe00000, 0x000000008fe00000|100%| S|CS|TAMS 0x000000008fd00000, 0x000000008fd00000| Complete 
|  92|0x000000008fe00000, 0x000000008ff00000, 0x000000008ff00000|100%| S|CS|TAMS 0x000000008fe00000, 0x000000008fe00000| Complete 
|  93|0x000000008ff00000, 0x0000000090000000, 0x0000000090000000|100%| S|CS|TAMS 0x000000008ff00000, 0x000000008ff00000| Complete 
|  94|0x0000000090000000, 0x0000000090100000, 0x0000000090100000|100%| S|CS|TAMS 0x0000000090000000, 0x0000000090000000| Complete 
|  95|0x0000000090100000, 0x0000000090200000, 0x0000000090200000|100%| S|CS|TAMS 0x0000000090100000, 0x0000000090100000| Complete 
| 117|0x0000000091700000, 0x0000000091800000, 0x0000000091800000|100%| E|CS|TAMS 0x0000000091700000, 0x0000000091700000| Complete 

Card table byte_map: [0x000001b97ade0000,0x000001b97b190000] _byte_map_base: 0x000001b97a98f000

Marking Bits (Prev, Next): (CMBitMap*) 0x000001b9641059b0, (CMBitMap*) 0x000001b964105970
 Prev Bits: [0x000001b97d2c0000, 0x000001b97f038000)
 Next Bits: [0x000001b97b540000, 0x000001b97d2b8000)

Polling page: 0x000001b962050000

Metaspace:

Usage:
  Non-class:     19.68 MB used.
      Class:      2.92 MB used.
       Both:     22.60 MB used.

Virtual space:
  Non-class space:       24.00 MB reserved,      19.81 MB ( 83%) committed,  3 nodes.
      Class space:        1.00 GB reserved,       3.00 MB ( <1%) committed,  1 nodes.
             Both:        1.02 GB reserved,      22.81 MB (  2%) committed. 

Chunk freelists:
   Non-Class:  160.00 KB
       Class:  1.00 MB
        Both:  1.16 MB

MaxMetaspaceSize: unlimited
CompressedClassSpaceSize: 1.00 GB
Initial GC threshold: 21.00 MB
Current GC threshold: 35.25 MB
CDS: on
MetaspaceReclaimPolicy: balanced
 - commit_granule_bytes: 65536.
 - commit_granule_words: 8192.
 - virtual_space_node_default_size: 1048576.
 - enlarge_chunks_in_place: 1.
 - new_chunks_are_fully_committed: 0.
 - uncommit_free_chunks: 1.
 - use_allocation_guard: 0.
 - handle_deallocations: 1.


Internal statistics:

num_allocs_failed_limit: 3.
num_arena_births: 260.
num_arena_deaths: 2.
num_vsnodes_births: 4.
num_vsnodes_deaths: 0.
num_space_committed: 365.
num_space_uncommitted: 0.
num_chunks_returned_to_freelist: 5.
num_chunks_taken_from_freelist: 866.
num_chunk_merges: 0.
num_chunk_splits: 594.
num_chunks_enlarged: 449.
num_purges: 2.
num_inconsistent_stats: 0.

CodeHeap 'non-profiled nmethods': size=120000Kb used=1519Kb max_used=1519Kb free=118480Kb
 bounds [0x000001b9733f0000, 0x000001b973660000, 0x000001b97a920000]
CodeHeap 'profiled nmethods': size=120000Kb used=7289Kb max_used=7289Kb free=112710Kb
 bounds [0x000001b96b920000, 0x000001b96c040000, 0x000001b972e50000]
CodeHeap 'non-nmethods': size=5760Kb used=1492Kb max_used=1527Kb free=4267Kb
 bounds [0x000001b972e50000, 0x000001b9730c0000, 0x000001b9733f0000]
 total_blobs=4686 nmethods=3820 adapters=777
 compilation: enabled
              stopped_count=0, restarted_count=0
 full_count=0

Compilation events (20 events):
Event: 29.965 Thread 0x000001b97f862620 3812       3       javafx.animation.Animation::getCycleDuration (24 bytes)
Event: 29.965 Thread 0x000001b97f862620 nmethod 3812 0x000001b96c03bf90 code [0x000001b96c03c140, 0x000001b96c03c468]
Event: 85.582 Thread 0x000001b97f850f90 3813       4       com.sun.javafx.tk.quantum.QuantumToolkit::postPulse (133 bytes)
Event: 85.587 Thread 0x000001b97f850f90 nmethod 3813 0x000001b973569f90 code [0x000001b97356a180, 0x000001b97356a8b0]
Event: 86.543 Thread 0x000001b97f850f90 3814       4       com.sun.javafx.tk.quantum.QuantumToolkit$$Lambda$83/0x0000000800c38220::run (8 bytes)
Event: 86.547 Thread 0x000001b97f850f90 nmethod 3814 0x000001b97356ad90 code [0x000001b97356af80, 0x000001b97356b720]
Event: 109.609 Thread 0x000001b97f862620 3815       3       jdk.internal.loader.BuiltinClassLoader::hasClassPath (13 bytes)
Event: 109.609 Thread 0x000001b97f862620 nmethod 3815 0x000001b96c03c590 code [0x000001b96c03c720, 0x000001b96c03c898]
Event: 109.609 Thread 0x000001b97f862620 3816       3       jdk.internal.loader.URLClassPath$JarLoader::findResource (18 bytes)
Event: 109.609 Thread 0x000001b97f862620 nmethod 3816 0x000001b96c03c910 code [0x000001b96c03cac0, 0x000001b96c03cca8]
Event: 139.613 Thread 0x000001b97f862620 3817       3       jdk.internal.module.Resources::toPackageName (39 bytes)
Event: 139.613 Thread 0x000001b97f862620 nmethod 3817 0x000001b96c03cd90 code [0x000001b96c03cfc0, 0x000001b96c03d638]
Event: 359.651 Thread 0x000001b97f862620 3818       3       jdk.internal.loader.BuiltinClassLoader::checkURL (5 bytes)
Event: 359.652 Thread 0x000001b97f862620 nmethod 3818 0x000001b96c03d890 code [0x000001b96c03da40, 0x000001b96c03dc48]
Event: 359.652 Thread 0x000001b97f862620 3819   !   3       jdk.internal.loader.URLClassPath::checkURL (16 bytes)
Event: 359.652 Thread 0x000001b97f862620 nmethod 3819 0x000001b96c03dd10 code [0x000001b96c03dec0, 0x000001b96c03e088]
Event: 362.165 Thread 0x000001b97f862620 3820       1       java.util.logging.LogManager$LoggerContext::getOwner (5 bytes)
Event: 362.165 Thread 0x000001b97f862620 nmethod 3820 0x000001b97356bc90 code [0x000001b97356be20, 0x000001b97356bef8]
Event: 362.166 Thread 0x000001b97f862620 3821       3       java.lang.System$2::defineClass (21 bytes)
Event: 362.166 Thread 0x000001b97f862620 nmethod 3821 0x000001b96c03e190 code [0x000001b96c03e340, 0x000001b96c03e4c8]

GC Heap History (6 events):
Event: 0.569 GC heap before
{Heap before GC invocations=0 (full 0):
 garbage-first heap   total 120832K, used 20480K [0x000000008a200000, 0x0000000100000000)
  region size 1024K, 21 young (21504K), 0 survivors (0K)
 Metaspace       used 5180K, committed 5376K, reserved 1056768K
  class space    used 611K, committed 704K, reserved 1048576K
}
Event: 0.572 GC heap after
{Heap after GC invocations=1 (full 0):
 garbage-first heap   total 120832K, used 2886K [0x000000008a200000, 0x0000000100000000)
  region size 1024K, 3 young (3072K), 3 survivors (3072K)
 Metaspace       used 5180K, committed 5376K, reserved 1056768K
  class space    used 611K, committed 704K, reserved 1048576K
}
Event: 1.060 GC heap before
{Heap before GC invocations=1 (full 0):
 garbage-first heap   total 120832K, used 30534K [0x000000008a200000, 0x0000000100000000)
  region size 1024K, 31 young (31744K), 3 survivors (3072K)
 Metaspace       used 12750K, committed 12928K, reserved 1064960K
  class space    used 1893K, committed 1984K, reserved 1048576K
}
Event: 1.066 GC heap after
{Heap after GC invocations=2 (full 0):
 garbage-first heap   total 120832K, used 6769K [0x000000008a200000, 0x0000000100000000)
  region size 1024K, 4 young (4096K), 4 survivors (4096K)
 Metaspace       used 12750K, committed 12928K, reserved 1064960K
  class space    used 1893K, committed 1984K, reserved 1048576K
}
Event: 14.897 GC heap before
{Heap before GC invocations=2 (full 0):
 garbage-first heap   total 120832K, used 30321K [0x000000008a200000, 0x0000000100000000)
  region size 1024K, 26 young (26624K), 4 survivors (4096K)
 Metaspace       used 21299K, committed 21504K, reserved 1073152K
  class space    used 2820K, committed 2944K, reserved 1048576K
}
Event: 14.903 GC heap after
{Heap after GC invocations=3 (full 0):
 garbage-first heap   total 120832K, used 12869K [0x000000008a200000, 0x0000000100000000)
  region size 1024K, 8 young (8192K), 8 survivors (8192K)
 Metaspace       used 21299K, committed 21504K, reserved 1073152K
  class space    used 2820K, committed 2944K, reserved 1048576K
}

Deoptimization events (20 events):
Event: 14.997 Thread 0x000001b902e415a0 DEOPT PACKING pc=0x000001b9734f72b4 sp=0x0000009a353fbdd0
Event: 14.997 Thread 0x000001b902e415a0 DEOPT UNPACKING pc=0x000001b972ea23a3 sp=0x0000009a353fbd80 mode 2
Event: 14.998 Thread 0x000001b902e415a0 Uncommon trap: trap_request=0xffffffde fr.pc=0x000001b9734f72b4 relative=0x0000000000000434
Event: 14.998 Thread 0x000001b902e415a0 Uncommon trap: reason=class_check action=maybe_recompile pc=0x000001b9734f72b4 method=java.util.HashMap.putVal(ILjava/lang/Object;Ljava/lang/Object;ZZ)Ljava/lang/Object; @ 253 c2
Event: 14.998 Thread 0x000001b902e415a0 DEOPT PACKING pc=0x000001b9734f72b4 sp=0x0000009a353fbdd0
Event: 14.998 Thread 0x000001b902e415a0 DEOPT UNPACKING pc=0x000001b972ea23a3 sp=0x0000009a353fbd80 mode 2
Event: 16.056 Thread 0x000001b902e415a0 Uncommon trap: trap_request=0xffffffde fr.pc=0x000001b9734f72b4 relative=0x0000000000000434
Event: 16.056 Thread 0x000001b902e415a0 Uncommon trap: reason=class_check action=maybe_recompile pc=0x000001b9734f72b4 method=java.util.HashMap.putVal(ILjava/lang/Object;Ljava/lang/Object;ZZ)Ljava/lang/Object; @ 253 c2
Event: 16.056 Thread 0x000001b902e415a0 DEOPT PACKING pc=0x000001b9734f72b4 sp=0x0000009a353fbdd0
Event: 16.056 Thread 0x000001b902e415a0 DEOPT UNPACKING pc=0x000001b972ea23a3 sp=0x0000009a353fbd80 mode 2
Event: 16.056 Thread 0x000001b902e415a0 Uncommon trap: trap_request=0xffffffde fr.pc=0x000001b9734f72b4 relative=0x0000000000000434
Event: 16.056 Thread 0x000001b902e415a0 Uncommon trap: reason=class_check action=maybe_recompile pc=0x000001b9734f72b4 method=java.util.HashMap.putVal(ILjava/lang/Object;Ljava/lang/Object;ZZ)Ljava/lang/Object; @ 253 c2
Event: 16.056 Thread 0x000001b902e415a0 DEOPT PACKING pc=0x000001b9734f72b4 sp=0x0000009a353fbdd0
Event: 16.056 Thread 0x000001b902e415a0 DEOPT UNPACKING pc=0x000001b972ea23a3 sp=0x0000009a353fbd80 mode 2
Event: 16.058 Thread 0x000001b902e415a0 DEOPT PACKING pc=0x000001b96be4cdf1 sp=0x0000009a353fb940
Event: 16.058 Thread 0x000001b902e415a0 DEOPT UNPACKING pc=0x000001b972ea2b43 sp=0x0000009a353fad70 mode 0
Event: 17.317 Thread 0x000001b902e415a0 DEOPT PACKING pc=0x000001b96be5e6ad sp=0x0000009a353fbd20
Event: 17.317 Thread 0x000001b902e415a0 DEOPT UNPACKING pc=0x000001b972ea2b43 sp=0x0000009a353fb1a8 mode 0
Event: 17.319 Thread 0x000001b902e415a0 DEOPT PACKING pc=0x000001b96be5e6ad sp=0x0000009a353fb890
Event: 17.319 Thread 0x000001b902e415a0 DEOPT UNPACKING pc=0x000001b972ea2b43 sp=0x0000009a353fad18 mode 0

Classes unloaded (1 events):
Event: 14.907 Thread 0x000001b97f830bc0 Unloading class 0x0000000800c04000 'java/lang/invoke/LambdaForm$DMH+0x0000000800c04000'

Classes redefined (0 events):
No events

Internal exceptions (20 events):
Event: 3.201 Thread 0x000001b902e415a0 Exception <a 'java/lang/NoSuchMethodError'{0x0000000091185f48}: 'java.lang.Object java.lang.invoke.DirectMethodHandle$Holder.newInvokeSpecial(java.lang.Object, java.lang.Object, long)'> (0x0000000091185f48) 
thrown [s\open\src\hotspot\share\interpreter\linkResolver.cpp, line 759]
Event: 3.202 Thread 0x000001b902e415a0 Exception <a 'java/lang/NoSuchMethodError'{0x0000000091189ab8}: 'java.lang.Object java.lang.invoke.Invokers$Holder.linkToTargetMethod(java.lang.Object, long, java.lang.Object)'> (0x0000000091189ab8) 
thrown [s\open\src\hotspot\share\interpreter\linkResolver.cpp, line 759]
Event: 14.598 Thread 0x000001b902e415a0 Exception <a 'sun/nio/fs/WindowsException'{0x0000000090f5a490}> (0x0000000090f5a490) 
thrown [s\open\src\hotspot\share\prims\jni.cpp, line 516]
Event: 14.611 Thread 0x000001b902e415a0 Exception <a 'java/lang/NoSuchMethodError'{0x0000000090e37f90}: 'java.lang.Object java.lang.invoke.DirectMethodHandle$Holder.invokeInterface(java.lang.Object, java.lang.Object)'> (0x0000000090e37f90) 
thrown [s\open\src\hotspot\share\interpreter\linkResolver.cpp, line 759]
Event: 14.613 Thread 0x000001b902e415a0 Exception <a 'sun/nio/fs/WindowsException'{0x0000000090e421e0}> (0x0000000090e421e0) 
thrown [s\open\src\hotspot\share\prims\jni.cpp, line 516]
Event: 14.614 Thread 0x000001b902e415a0 Exception <a 'sun/nio/fs/WindowsException'{0x0000000090e45120}> (0x0000000090e45120) 
thrown [s\open\src\hotspot\share\prims\jni.cpp, line 516]
Event: 14.621 Thread 0x000001b902e415a0 Exception <a 'sun/nio/fs/WindowsException'{0x0000000090e97e98}> (0x0000000090e97e98) 
thrown [s\open\src\hotspot\share\prims\jni.cpp, line 516]
Event: 14.622 Thread 0x000001b902e415a0 Exception <a 'sun/nio/fs/WindowsException'{0x0000000090e9bc80}> (0x0000000090e9bc80) 
thrown [s\open\src\hotspot\share\prims\jni.cpp, line 516]
Event: 14.625 Thread 0x000001b902e415a0 Exception <a 'java/lang/NoSuchMethodError'{0x0000000090eabc48}: 'java.lang.Object java.lang.invoke.DirectMethodHandle$Holder.invokeVirtual(java.lang.Object, java.lang.Object, java.lang.Object)'> (0x0000000090eabc48) 
thrown [s\open\src\hotspot\share\interpreter\linkResolver.cpp, line 759]
Event: 14.693 Thread 0x000001b902e415a0 Exception <a 'sun/nio/fs/WindowsException'{0x0000000090a94610}> (0x0000000090a94610) 
thrown [s\open\src\hotspot\share\prims\jni.cpp, line 516]
Event: 14.785 Thread 0x000001b902e415a0 Exception <a 'sun/nio/fs/WindowsException'{0x000000009040f148}> (0x000000009040f148) 
thrown [s\open\src\hotspot\share\prims\jni.cpp, line 516]
Event: 14.789 Thread 0x000001b902e415a0 Exception <a 'sun/nio/fs/WindowsException'{0x00000000904238b8}> (0x00000000904238b8) 
thrown [s\open\src\hotspot\share\prims\jni.cpp, line 516]
Event: 14.793 Thread 0x000001b902e415a0 Exception <a 'java/lang/NoSuchMethodError'{0x0000000090432050}: 'int java.lang.invoke.DirectMethodHandle$Holder.invokeStatic(java.lang.Object, java.lang.Object, java.lang.Object, java.lang.Object)'> (0x0000000090432050) 
thrown [s\open\src\hotspot\share\interpreter\linkResolver.cpp, line 759]
Event: 14.794 Thread 0x000001b902e415a0 Exception <a 'java/lang/NoSuchMethodError'{0x0000000090435da8}: 'int java.lang.invoke.DirectMethodHandle$Holder.invokeStaticInit(java.lang.Object, java.lang.Object, java.lang.Object, java.lang.Object)'> (0x0000000090435da8) 
thrown [s\open\src\hotspot\share\interpreter\linkResolver.cpp, line 759]
Event: 14.794 Thread 0x000001b902e415a0 Exception <a 'java/lang/IncompatibleClassChangeError'{0x000000009043f4d8}: Found class java.lang.Object, but interface was expected> (0x000000009043f4d8) 
thrown [s\open\src\hotspot\share\interpreter\linkResolver.cpp, line 826]
Event: 14.814 Thread 0x000001b902e415a0 Exception <a 'java/lang/NoSuchMethodError'{0x00000000903772f8}: 'java.lang.Object java.lang.invoke.DirectMethodHandle$Holder.invokeStaticInit(java.lang.Object, int, int, int, int)'> (0x00000000903772f8) 
thrown [s\open\src\hotspot\share\interpreter\linkResolver.cpp, line 759]
Event: 14.856 Thread 0x000001b902e415a0 Exception <a 'java/lang/NoSuchMethodError'{0x00000000903f2d78}: 'java.lang.Object java.lang.invoke.DirectMethodHandle$Holder.invokeStaticInit(java.lang.Object, java.lang.Object, int, int, int, int)'> (0x00000000903f2d78) 
thrown [s\open\src\hotspot\share\interpreter\linkResolver.cpp, line 759]
Event: 24.661 Thread 0x000001b902e415a0 Exception <a 'java/lang/NoSuchMethodError'{0x000000008beb9fa0}: 'java.lang.Object java.lang.invoke.DirectMethodHandle$Holder.newInvokeSpecial(java.lang.Object, java.lang.Object, int, int, int, int, int, java.lang.Object)'> (0x000000008beb9fa0) 
thrown [s\open\src\hotspot\share\interpreter\linkResolver.cpp, line 759]
Event: 24.662 Thread 0x000001b902e415a0 Exception <a 'java/lang/NoSuchMethodError'{0x000000008becd778}: 'java.lang.Object java.lang.invoke.DirectMethodHandle$Holder.newInvokeSpecial(java.lang.Object, java.lang.Object, java.lang.Object, int, int, int, int, int)'> (0x000000008becd778) 
thrown [s\open\src\hotspot\share\interpreter\linkResolver.cpp, line 759]
Event: 24.662 Thread 0x000001b902e415a0 Exception <a 'java/lang/NoSuchMethodError'{0x000000008bed57d0}: 'java.lang.Object java.lang.invoke.Invokers$Holder.linkToTargetMethod(java.lang.Object, java.lang.Object, int, int, int, int, int, java.lang.Object)'> (0x000000008bed57d0) 
thrown [s\open\src\hotspot\share\interpreter\linkResolver.cpp, line 759]

VM Operations (20 events):
Event: 14.913 Executing VM operation: G1Concurrent done
Event: 16.912 Executing VM operation: Cleanup
Event: 16.912 Executing VM operation: Cleanup done
Event: 18.913 Executing VM operation: Cleanup
Event: 18.914 Executing VM operation: Cleanup done
Event: 20.914 Executing VM operation: Cleanup
Event: 20.914 Executing VM operation: Cleanup done
Event: 21.915 Executing VM operation: Cleanup
Event: 21.915 Executing VM operation: Cleanup done
Event: 22.916 Executing VM operation: Cleanup
Event: 22.916 Executing VM operation: Cleanup done
Event: 23.917 Executing VM operation: Cleanup
Event: 23.917 Executing VM operation: Cleanup done
Event: 24.917 Executing VM operation: Cleanup
Event: 24.917 Executing VM operation: Cleanup done
Event: 26.917 Executing VM operation: Cleanup
Event: 26.917 Executing VM operation: Cleanup done
Event: 27.918 Executing VM operation: Cleanup
Event: 27.919 Executing VM operation: Cleanup done
Event: 362.166 Executing VM operation: Exit

Events (20 events):
Event: 15.013 loading class java/time/DateTimeException done
Event: 15.013 loading class java/time/format/DateTimeParseException done
Event: 15.020 loading class java/util/TimerTask
Event: 15.020 loading class java/util/TimerTask done
Event: 15.021 loading class java/lang/StringIndexOutOfBoundsException
Event: 15.021 loading class java/lang/StringIndexOutOfBoundsException done
Event: 15.871 Thread 0x000001b97f8a8df0 Thread exited: 0x000001b97f8a8df0
Event: 16.763 Thread 0x000001b97f8a8df0 Thread added: 0x000001b97f8a8df0
Event: 16.907 Thread 0x000001b97f8a8df0 Thread exited: 0x000001b97f8a8df0
Event: 16.921 Thread 0x000001b97f8a8df0 Thread added: 0x000001b97f8a8df0
Event: 17.033 Thread 0x000001b97f8a8df0 Thread exited: 0x000001b97f8a8df0
Event: 20.940 Thread 0x000001b9080ff6a0 Thread added: 0x000001b9080ff6a0
Event: 21.275 Thread 0x000001b9080ff6a0 Thread exited: 0x000001b9080ff6a0
Event: 362.164 loading class jdk/internal/misc/Signal$1
Event: 362.164 loading class jdk/internal/misc/Signal$1 done
Event: 362.164 Thread 0x000001b907aab080 Thread added: 0x000001b907aab080
Event: 362.165 Thread 0x000001b907aaa210 Thread added: 0x000001b907aaa210
Event: 362.165 Thread 0x000001b907aaabb0 Thread added: 0x000001b907aaabb0
Event: 362.165 Thread 0x000001b907aaa210 Thread exited: 0x000001b907aaa210
Event: 362.166 Thread 0x000001b907aaabb0 Thread exited: 0x000001b907aaabb0


Dynamic libraries:
0x00007ff76e030000 - 0x00007ff76e040000 	C:\Program Files\Java\jdk-17\bin\java.exe
0x00007ffca9d70000 - 0x00007ffca9f67000 	C:\Windows\SYSTEM32\ntdll.dll
0x00007ffca7e50000 - 0x00007ffca7f0d000 	C:\Windows\System32\KERNEL32.DLL
0x00007ffca7790000 - 0x00007ffca7a86000 	C:\Windows\System32\KERNELBASE.dll
0x00007ffca7480000 - 0x00007ffca7580000 	C:\Windows\System32\ucrtbase.dll
0x00007ffc941f0000 - 0x00007ffc94208000 	C:\Program Files\Java\jdk-17\bin\jli.dll
0x00007ffc9f920000 - 0x00007ffc9f93b000 	C:\Program Files\Java\jdk-17\bin\VCRUNTIME140.dll
0x00007ffca8930000 - 0x00007ffca89de000 	C:\Windows\System32\ADVAPI32.dll
0x00007ffca7f10000 - 0x00007ffca7fae000 	C:\Windows\System32\msvcrt.dll
0x00007ffca9a90000 - 0x00007ffca9b2c000 	C:\Windows\System32\sechost.dll
0x00007ffca8a70000 - 0x00007ffca8b96000 	C:\Windows\System32\RPCRT4.dll
0x00007ffca8160000 - 0x00007ffca82fe000 	C:\Windows\System32\USER32.dll
0x00007ffca7da0000 - 0x00007ffca7dc2000 	C:\Windows\System32\win32u.dll
0x00007ffca92a0000 - 0x00007ffca92cc000 	C:\Windows\System32\GDI32.dll
0x00007ffca7ae0000 - 0x00007ffca7bfa000 	C:\Windows\System32\gdi32full.dll
0x00007ffca7c00000 - 0x00007ffca7c9d000 	C:\Windows\System32\msvcp_win.dll
0x00007ffc913b0000 - 0x00007ffc9164a000 	C:\Windows\WinSxS\amd64_microsoft.windows.common-controls_6595b64144ccf1df_6.0.19041.3570_none_60bb2a3971f3e41a\COMCTL32.dll
0x00007ffca6f50000 - 0x00007ffca6f5a000 	C:\Windows\SYSTEM32\VERSION.dll
0x00007ffca9d00000 - 0x00007ffca9d30000 	C:\Windows\System32\IMM32.DLL
0x00000000626c0000 - 0x00000000626cc000 	C:\Program Files (x86)\360\Total Security\safemon\SafeWrapper.dll
0x00007ffc76440000 - 0x00007ffc764d2000 	C:\Program Files (x86)\360\Total Security\safemon\libzdtp64.dll
0x00007ffca9340000 - 0x00007ffca9a84000 	C:\Windows\System32\SHELL32.dll
0x00007ffca9160000 - 0x00007ffca91b5000 	C:\Windows\System32\SHLWAPI.dll
0x00007ffca1700000 - 0x00007ffca170c000 	C:\Program Files\Java\jdk-17\bin\vcruntime140_1.dll
0x00007ffc76320000 - 0x00007ffc763ae000 	C:\Program Files\Java\jdk-17\bin\msvcp140.dll
0x00007ffc6ceb0000 - 0x00007ffc6da87000 	C:\Program Files\Java\jdk-17\bin\server\jvm.dll
0x00007ffca7dd0000 - 0x00007ffca7dd8000 	C:\Windows\System32\PSAPI.DLL
0x00007ffca4a00000 - 0x00007ffca4a09000 	C:\Windows\SYSTEM32\WSOCK32.dll
0x00007ffca92d0000 - 0x00007ffca933b000 	C:\Windows\System32\WS2_32.dll
0x00007ffc9e040000 - 0x00007ffc9e067000 	C:\Windows\SYSTEM32\WINMM.dll
0x00007ffca5280000 - 0x00007ffca5292000 	C:\Windows\SYSTEM32\kernel.appcore.dll
0x00007ffca0ee0000 - 0x00007ffca0eea000 	C:\Program Files\Java\jdk-17\bin\jimage.dll
0x00007ffc8bf50000 - 0x00007ffc8c134000 	C:\Windows\SYSTEM32\DBGHELP.DLL
0x00007ffc8bf10000 - 0x00007ffc8bf44000 	C:\Windows\SYSTEM32\dbgcore.DLL
0x00007ffca7d10000 - 0x00007ffca7d92000 	C:\Windows\System32\bcryptPrimitives.dll
0x00007ffc9f780000 - 0x00007ffc9f78e000 	C:\Program Files\Java\jdk-17\bin\instrument.dll
0x00007ffc93910000 - 0x00007ffc93935000 	C:\Program Files\Java\jdk-17\bin\java.dll
0x00007ffc75d20000 - 0x00007ffc75df7000 	C:\Program Files\Java\jdk-17\bin\jsvml.dll
0x00007ffca5480000 - 0x00007ffca5c1b000 	C:\Windows\SYSTEM32\windows.storage.dll
0x00007ffca8c80000 - 0x00007ffca8fd4000 	C:\Windows\System32\combase.dll
0x00007ffca6d50000 - 0x00007ffca6d7d000 	C:\Windows\SYSTEM32\Wldp.dll
0x00007ffca9b30000 - 0x00007ffca9bdd000 	C:\Windows\System32\SHCORE.dll
0x00007ffca7380000 - 0x00007ffca73a5000 	C:\Windows\SYSTEM32\profapi.dll
0x00007ffc938f0000 - 0x00007ffc93909000 	C:\Program Files\Java\jdk-17\bin\net.dll
0x00007ffc9b0a0000 - 0x00007ffc9b1aa000 	C:\Windows\SYSTEM32\WINHTTP.dll
0x00007ffca6ab0000 - 0x00007ffca6b1a000 	C:\Windows\system32\mswsock.dll
0x00007ffc92eb0000 - 0x00007ffc92ec6000 	C:\Program Files\Java\jdk-17\bin\nio.dll
0x00007ffc90f10000 - 0x00007ffc90f28000 	C:\Program Files\Java\jdk-17\bin\zip.dll
0x00007ffc9f710000 - 0x00007ffc9f72a000 	C:\Program Files\JetBrains\IntelliJ IDEA Community Edition 2022.3.2\bin\breakgen64.dll
0x000001b9620b0000 - 0x000001b9620b3000 	C:\Users\aapro\.openjfx\cache\17.0.2-ea\api-ms-win-core-console-l1-1-0.dll
0x000001b964020000 - 0x000001b964023000 	C:\Users\aapro\.openjfx\cache\17.0.2-ea\api-ms-win-core-console-l1-2-0.dll
0x000001b964030000 - 0x000001b964033000 	C:\Users\aapro\.openjfx\cache\17.0.2-ea\api-ms-win-core-datetime-l1-1-0.dll
0x000001b964040000 - 0x000001b964043000 	C:\Users\aapro\.openjfx\cache\17.0.2-ea\api-ms-win-core-debug-l1-1-0.dll
0x000001b964050000 - 0x000001b964053000 	C:\Users\aapro\.openjfx\cache\17.0.2-ea\api-ms-win-core-errorhandling-l1-1-0.dll
0x000001b964060000 - 0x000001b964064000 	C:\Users\aapro\.openjfx\cache\17.0.2-ea\api-ms-win-core-file-l1-1-0.dll
0x000001b97fdc0000 - 0x000001b97fdc3000 	C:\Users\aapro\.openjfx\cache\17.0.2-ea\api-ms-win-core-file-l1-2-0.dll
0x000001b97fdd0000 - 0x000001b97fdd3000 	C:\Users\aapro\.openjfx\cache\17.0.2-ea\api-ms-win-core-file-l2-1-0.dll
0x000001b97fde0000 - 0x000001b97fde3000 	C:\Users\aapro\.openjfx\cache\17.0.2-ea\api-ms-win-core-handle-l1-1-0.dll
0x000001b97fdf0000 - 0x000001b97fdf3000 	C:\Users\aapro\.openjfx\cache\17.0.2-ea\api-ms-win-core-heap-l1-1-0.dll
0x000001b97fe00000 - 0x000001b97fe03000 	C:\Users\aapro\.openjfx\cache\17.0.2-ea\api-ms-win-core-interlocked-l1-1-0.dll
0x000001b97fe10000 - 0x000001b97fe13000 	C:\Users\aapro\.openjfx\cache\17.0.2-ea\api-ms-win-core-libraryloader-l1-1-0.dll
0x000001b97fe20000 - 0x000001b97fe23000 	C:\Users\aapro\.openjfx\cache\17.0.2-ea\api-ms-win-core-localization-l1-2-0.dll
0x000001b97fe30000 - 0x000001b97fe33000 	C:\Users\aapro\.openjfx\cache\17.0.2-ea\api-ms-win-core-memory-l1-1-0.dll
0x000001b97fe40000 - 0x000001b97fe43000 	C:\Users\aapro\.openjfx\cache\17.0.2-ea\api-ms-win-core-namedpipe-l1-1-0.dll
0x000001b97fe50000 - 0x000001b97fe53000 	C:\Users\aapro\.openjfx\cache\17.0.2-ea\api-ms-win-core-processenvironment-l1-1-0.dll
0x000001b97fe60000 - 0x000001b97fe63000 	C:\Users\aapro\.openjfx\cache\17.0.2-ea\api-ms-win-core-processthreads-l1-1-0.dll
0x000001b97fe70000 - 0x000001b97fe73000 	C:\Users\aapro\.openjfx\cache\17.0.2-ea\api-ms-win-core-processthreads-l1-1-1.dll
0x000001b97fe80000 - 0x000001b97fe83000 	C:\Users\aapro\.openjfx\cache\17.0.2-ea\api-ms-win-core-profile-l1-1-0.dll
0x000001b97fe90000 - 0x000001b97fe93000 	C:\Users\aapro\.openjfx\cache\17.0.2-ea\api-ms-win-core-rtlsupport-l1-1-0.dll
0x000001b97fea0000 - 0x000001b97fea3000 	C:\Users\aapro\.openjfx\cache\17.0.2-ea\api-ms-win-core-string-l1-1-0.dll
0x000001b97feb0000 - 0x000001b97feb3000 	C:\Users\aapro\.openjfx\cache\17.0.2-ea\api-ms-win-core-synch-l1-1-0.dll
0x000001b97fec0000 - 0x000001b97fec3000 	C:\Users\aapro\.openjfx\cache\17.0.2-ea\api-ms-win-core-synch-l1-2-0.dll
0x000001b97fed0000 - 0x000001b97fed3000 	C:\Users\aapro\.openjfx\cache\17.0.2-ea\api-ms-win-core-sysinfo-l1-1-0.dll
0x000001b97fee0000 - 0x000001b97fee3000 	C:\Users\aapro\.openjfx\cache\17.0.2-ea\api-ms-win-core-timezone-l1-1-0.dll
0x000001b97fef0000 - 0x000001b97fef3000 	C:\Users\aapro\.openjfx\cache\17.0.2-ea\api-ms-win-core-util-l1-1-0.dll
0x000001b97ff00000 - 0x000001b97ff03000 	C:\Users\aapro\.openjfx\cache\17.0.2-ea\api-ms-win-crt-conio-l1-1-0.dll
0x000001b97ff10000 - 0x000001b97ff14000 	C:\Users\aapro\.openjfx\cache\17.0.2-ea\api-ms-win-crt-convert-l1-1-0.dll
0x000001b97ff20000 - 0x000001b97ff23000 	C:\Users\aapro\.openjfx\cache\17.0.2-ea\api-ms-win-crt-environment-l1-1-0.dll
0x000001b97ff30000 - 0x000001b97ff33000 	C:\Users\aapro\.openjfx\cache\17.0.2-ea\api-ms-win-crt-filesystem-l1-1-0.dll
0x000001b97ff40000 - 0x000001b97ff43000 	C:\Users\aapro\.openjfx\cache\17.0.2-ea\api-ms-win-crt-heap-l1-1-0.dll
0x000001b97ff50000 - 0x000001b97ff53000 	C:\Users\aapro\.openjfx\cache\17.0.2-ea\api-ms-win-crt-locale-l1-1-0.dll
0x000001b97ff60000 - 0x000001b97ff65000 	C:\Users\aapro\.openjfx\cache\17.0.2-ea\api-ms-win-crt-math-l1-1-0.dll
0x000001b97ff70000 - 0x000001b97ff75000 	C:\Users\aapro\.openjfx\cache\17.0.2-ea\api-ms-win-crt-multibyte-l1-1-0.dll
0x000001b97ff80000 - 0x000001b97ff90000 	C:\Users\aapro\.openjfx\cache\17.0.2-ea\api-ms-win-crt-private-l1-1-0.dll
0x000001b97ff90000 - 0x000001b97ff93000 	C:\Users\aapro\.openjfx\cache\17.0.2-ea\api-ms-win-crt-process-l1-1-0.dll
0x000001b97ffa0000 - 0x000001b97ffa4000 	C:\Users\aapro\.openjfx\cache\17.0.2-ea\api-ms-win-crt-runtime-l1-1-0.dll
0x000001b97ffb0000 - 0x000001b97ffb4000 	C:\Users\aapro\.openjfx\cache\17.0.2-ea\api-ms-win-crt-stdio-l1-1-0.dll
0x000001b97ffc0000 - 0x000001b97ffc4000 	C:\Users\aapro\.openjfx\cache\17.0.2-ea\api-ms-win-crt-string-l1-1-0.dll
0x000001b97ffd0000 - 0x000001b97ffd3000 	C:\Users\aapro\.openjfx\cache\17.0.2-ea\api-ms-win-crt-time-l1-1-0.dll
0x000001b97ffe0000 - 0x000001b97ffe3000 	C:\Users\aapro\.openjfx\cache\17.0.2-ea\api-ms-win-crt-utility-l1-1-0.dll
0x00007ffc75f70000 - 0x00007ffc7606c000 	C:\Users\aapro\.openjfx\cache\17.0.2-ea\ucrtbase.dll
0x00007ffc9f610000 - 0x00007ffc9f62a000 	C:\Users\aapro\.openjfx\cache\17.0.2-ea\vcruntime140.dll
0x00007ffc9f600000 - 0x00007ffc9f60c000 	C:\Users\aapro\.openjfx\cache\17.0.2-ea\vcruntime140_1.dll
0x00007ffc75620000 - 0x00007ffc756ad000 	C:\Users\aapro\.openjfx\cache\17.0.2-ea\msvcp140.dll
0x00007ffc8cd80000 - 0x00007ffc8cdaa000 	C:\Users\aapro\.openjfx\cache\17.0.2-ea\prism_d3d.dll
0x00007ffc66d60000 - 0x00007ffc66f2d000 	C:\Windows\system32\d3d9.dll
0x00007ffca4f90000 - 0x00007ffca4fbf000 	C:\Windows\SYSTEM32\dwmapi.dll
0x00007ffca4db0000 - 0x00007ffca4e4e000 	C:\Windows\system32\uxtheme.dll
0x00007ffc9e070000 - 0x00007ffc9e24b000 	C:\Windows\System32\DriverStore\FileRepository\u0359349.inf_amd64_14a932a498cb67e4\B359612\aticfx64.dll
0x00007ffc89590000 - 0x00007ffc895c3000 	C:\Windows\System32\DriverStore\FileRepository\u0359349.inf_amd64_14a932a498cb67e4\B359612\atiu9p64.dll
0x00007ffc6b570000 - 0x00007ffc6c206000 	C:\Windows\System32\DriverStore\FileRepository\u0359349.inf_amd64_14a932a498cb67e4\B359612\atiumd64.dll
0x00007ffca8800000 - 0x00007ffca892b000 	C:\Windows\System32\ole32.dll
0x0000000061840000 - 0x00000000626b9000 	C:\Windows\System32\DriverStore\FileRepository\u0359349.inf_amd64_14a932a498cb67e4\B359612\atiumd6a.dll
0x00007ffca72b0000 - 0x00007ffca72fb000 	C:\Windows\SYSTEM32\POWRPROF.dll
0x00007ffca7290000 - 0x00007ffca72a2000 	C:\Windows\SYSTEM32\UMPDC.dll
0x00007ffc9b710000 - 0x00007ffc9b73f000 	C:\Windows\SYSTEM32\amdihk64.dll
0x00007ffc885d0000 - 0x00007ffc88612000 	C:\Users\aapro\.openjfx\cache\17.0.2-ea\glass.dll
0x00007ffca8ba0000 - 0x00007ffca8c7a000 	C:\Windows\System32\COMDLG32.dll
0x00007ffca8fe0000 - 0x00007ffca90ad000 	C:\Windows\System32\OLEAUT32.dll
0x00007ffca9be0000 - 0x00007ffca9cf4000 	C:\Windows\System32\MSCTF.dll
0x00007ffc9e330000 - 0x00007ffc9e36b000 	C:\Windows\SYSTEM32\dxcore.dll
0x00007ffca7a90000 - 0x00007ffca7ade000 	C:\Windows\System32\cfgmgr32.dll
0x00007ffc8f750000 - 0x00007ffc8f764000 	C:\Users\aapro\.openjfx\cache\17.0.2-ea\javafx_font.dll
0x00007ffc81840000 - 0x00007ffc81abf000 	C:\Windows\SYSTEM32\dwrite.dll
0x00007ffca90b0000 - 0x00007ffca9159000 	C:\Windows\System32\clbcatq.dll
0x00007ffca2150000 - 0x00007ffca2304000 	C:\Windows\SYSTEM32\WindowsCodecs.dll
0x00007ffca7450000 - 0x00007ffca7477000 	C:\Windows\System32\bcrypt.dll
0x00007ffc9fba0000 - 0x00007ffc9fbde000 	C:\Windows\system32\dataexchange.dll
0x00007ffca4020000 - 0x00007ffca4203000 	C:\Windows\system32\dcomp.dll
0x00007ffca37b0000 - 0x00007ffca3a13000 	C:\Windows\system32\d3d11.dll
0x00007ffca5c80000 - 0x00007ffca5d73000 	C:\Windows\system32\dxgi.dll
0x00007ffca1af0000 - 0x00007ffca1cf7000 	C:\Windows\system32\twinapi.appcore.dll
0x00007ffc888f0000 - 0x00007ffc88924000 	C:\Program Files\Common Files\Microsoft Shared\Ink\rtscom.dll
0x00007ffca1340000 - 0x00007ffca143a000 	C:\Windows\SYSTEM32\textinputframework.dll
0x00007ffca48f0000 - 0x00007ffca49e2000 	C:\Windows\System32\CoreMessaging.dll
0x00007ffca4590000 - 0x00007ffca48eb000 	C:\Windows\System32\CoreUIComponents.dll
0x00007ffca64e0000 - 0x00007ffca6513000 	C:\Windows\SYSTEM32\ntmarta.dll
0x00007ffca31f0000 - 0x00007ffca3345000 	C:\Windows\SYSTEM32\wintypes.dll

dbghelp: loaded successfully - version: 4.0.5 - missing functions: none
symbol engine: initialized successfully - sym options: 0x614 - pdb path: .;C:\Program Files\Java\jdk-17\bin;C:\Windows\SYSTEM32;C:\Windows\WinSxS\amd64_microsoft.windows.common-controls_6595b64144ccf1df_6.0.19041.3570_none_60bb2a3971f3e41a;C:\Program Files (x86)\360\Total Security\safemon;C:\Program Files\Java\jdk-17\bin\server;C:\Program Files\JetBrains\IntelliJ IDEA Community Edition 2022.3.2\bin;C:\Users\aapro\.openjfx\cache\17.0.2-ea;C:\Windows\System32\DriverStore\FileRepository\u0359349.inf_amd64_14a932a498cb67e4\B359612;C:\Program Files\Common Files\Microsoft Shared\Ink

VM Arguments:
jvm_args: -javaagent:C:\Program Files\JetBrains\IntelliJ IDEA Community Edition 2022.3.2\lib\idea_rt.jar=55917:C:\Program Files\JetBrains\IntelliJ IDEA Community Edition 2022.3.2\bin -Dfile.encoding=UTF-8 --module-path=C:\Users\aapro\.m2\repository\org\openjfx\javafx-fxml\17.0.2\javafx-fxml-17.0.2-win.jar;C:\Users\aapro\.m2\repository\org\openjfx\javafx-graphics\17.0.2\javafx-graphics-17.0.2-win.jar;C:\Users\aapro\.m2\repository\org\openjfx\javafx-controls\17.0.2\javafx-controls-17.0.2-win.jar;C:\Users\aapro\.m2\repository\org\openjfx\javafx-base\17.0.2\javafx-base-17.0.2-win.jar;C:\Users\aapro\IdeaProjects\demo23\target\classes -Djdk.module.main=com.example.demo23 
java_command: com.example.demo23/com.example.demo23.HelloApplication
java_class_path (initial): C:\Users\aapro\.m2\repository\mysql\mysql-connector-java\8.0.19\mysql-connector-java-8.0.19.jar;C:\Users\aapro\.m2\repository\com\google\protobuf\protobuf-java\3.6.1\protobuf-java-3.6.1.jar;C:\Users\aapro\.m2\repository\org\openjfx\javafx-controls\17.0.2\javafx-controls-17.0.2.jar;C:\Users\aapro\.m2\repository\org\openjfx\javafx-graphics\17.0.2\javafx-graphics-17.0.2.jar;C:\Users\aapro\.m2\repository\org\openjfx\javafx-base\17.0.2\javafx-base-17.0.2.jar;C:\Users\aapro\.m2\repository\org\openjfx\javafx-fxml\17.0.2\javafx-fxml-17.0.2.jar
Launcher Type: SUN_STANDARD

[Global flags]
     intx CICompilerCount                          = 3                                         {product} {ergonomic}
     uint ConcGCThreads                            = 2                                         {product} {ergonomic}
     uint G1ConcRefinementThreads                  = 6                                         {product} {ergonomic}
   size_t G1HeapRegionSize                         = 1048576                                   {product} {ergonomic}
    uintx GCDrainStackTargetSize                   = 64                                        {product} {ergonomic}
   size_t InitialHeapSize                          = 123731968                                 {product} {ergonomic}
   size_t MarkStackSize                            = 4194304                                   {product} {ergonomic}
   size_t MaxHeapSize                              = 1977614336                                {product} {ergonomic}
   size_t MaxNewSize                               = 1185939456                                {product} {ergonomic}
   size_t MinHeapDeltaBytes                        = 1048576                                   {product} {ergonomic}
   size_t MinHeapSize                              = 8388608                                   {product} {ergonomic}
    uintx NonNMethodCodeHeapSize                   = 5832780                                {pd product} {ergonomic}
    uintx NonProfiledCodeHeapSize                  = 122912730                              {pd product} {ergonomic}
    uintx ProfiledCodeHeapSize                     = 122912730                              {pd product} {ergonomic}
    uintx ReservedCodeCacheSize                    = 251658240                              {pd product} {ergonomic}
     bool SegmentedCodeCache                       = true                                      {product} {ergonomic}
   size_t SoftMaxHeapSize                          = 1977614336                             {manageable} {ergonomic}
     bool UseCompressedClassPointers               = true                           {product lp64_product} {ergonomic}
     bool UseCompressedOops                        = true                           {product lp64_product} {ergonomic}
     bool UseG1GC                                  = true                                      {product} {ergonomic}
     bool UseLargePagesIndividualAllocation        = false                                  {pd product} {ergonomic}

Logging:
Log output configuration:
 #0: stdout all=off uptime,level,tags
 #1: stderr all=off uptime,level,tags

Environment Variables:
JAVA_HOME=C:\Program Files\Java\jdk-17
PATH=C:\Program Files (x86)\NVIDIA Corporation\PhysX\Common;C:\Program Files\Common Files\Oracle\Java\javapath;C:\Program Files (x86)\Common Files\Oracle\Java\javapath;C:\Windows\system32;C:\Windows;C:\Windows\System32\Wbem;C:\Windows\System32\WindowsPowerShell\v1.0\;C:\Windows\System32\OpenSSH\;C:\Program Files\Java\jdk-17\bin;C:\Program Files\Git\cmd;C:\Users\aapro\AppData\Local\Programs\Python\Python310\Scripts\;C:\Users\aapro\AppData\Local\Programs\Python\Python310\;C:\Users\aapro\AppData\Local\Microsoft\WindowsApps;C:\Users\aapro\AppData\Local\JetBrains\Toolbox\scripts;C:\Users\aapro\AppData\Local\GitHubDesktop\bin;C:\Users\aapro\AppData\Local\Programs\Microsoft VS Code\bin
USERNAME=aapro
OS=Windows_NT
PROCESSOR_IDENTIFIER=AMD64 Family 23 Model 96 Stepping 1, AuthenticAMD



---------------  S Y S T E M  ---------------

OS:
 Windows 10 , 64 bit Build 19041 (10.0.19041.3570)
OS uptime: 7 days 0:15 hours

CPU: total 6 (initial active 6) (6 cores per cpu, 1 threads per core) family 23 model 96 stepping 1 microcode 0x0, cx8, cmov, fxsr, mmx, 3dnowpref, sse, sse2, sse3, ssse3, sse4a, sse4.1, sse4.2, popcnt, lzcnt, tsc, tscinvbit, avx, avx2, aes, clmul, bmi1, bmi2, adx, sha, fma, vzeroupper, clflush, clflushopt

Memory: 4k page, system-wide physical 7541M (959M free)
TotalPageFile size 14486M (AvailPageFile size 2580M)
current process WorkingSet (physical memory assigned to process): 125M, peak: 154M
current process commit charge ("private bytes"): 204M, peak: 292M

vm_info: Java HotSpot(TM) 64-Bit Server VM (17.0.6+9-LTS-190) for windows-amd64 JRE (17.0.6+9-LTS-190), built on Dec  6 2022 15:53:54 by "mach5one" with MS VC++ 17.1 (VS2022)

END.
